{"C:\\Proyects\\cursoReact\\GifsApp\\src\\GifsApp.tsx": {"path":"C:\\Proyects\\cursoReact\\GifsApp\\src\\GifsApp.tsx","all":false,"statementMap":{"0":{"start":{"line":1,"column":0},"end":{"line":1,"column":57}},"2":{"start":{"line":3,"column":0},"end":{"line":3,"column":51}},"3":{"start":{"line":4,"column":0},"end":{"line":4,"column":70}},"4":{"start":{"line":5,"column":0},"end":{"line":5,"column":54}},"6":{"start":{"line":7,"column":0},"end":{"line":7,"column":47}},"8":{"start":{"line":9,"column":0},"end":{"line":9,"column":30}},"9":{"start":{"line":10,"column":0},"end":{"line":10,"column":71}},"10":{"start":{"line":11,"column":0},"end":{"line":11,"column":14}},"11":{"start":{"line":12,"column":0},"end":{"line":12,"column":10}},"12":{"start":{"line":13,"column":0},"end":{"line":13,"column":6}},"14":{"start":{"line":15,"column":0},"end":{"line":15,"column":19}},"15":{"start":{"line":16,"column":0},"end":{"line":16,"column":32}},"16":{"start":{"line":17,"column":0},"end":{"line":17,"column":57}},"19":{"start":{"line":20,"column":0},"end":{"line":20,"column":72}},"22":{"start":{"line":23,"column":0},"end":{"line":23,"column":23}},"23":{"start":{"line":24,"column":0},"end":{"line":24,"column":33}},"24":{"start":{"line":25,"column":0},"end":{"line":25,"column":35}},"25":{"start":{"line":26,"column":0},"end":{"line":26,"column":44}},"29":{"start":{"line":30,"column":0},"end":{"line":30,"column":30}},"32":{"start":{"line":33,"column":0},"end":{"line":33,"column":2}}},"s":{"0":1,"2":1,"3":1,"4":1,"6":1,"8":1,"9":1,"10":1,"11":1,"12":1,"14":1,"15":1,"16":1,"19":1,"22":1,"23":1,"24":1,"25":1,"29":1,"32":1},"branchMap":{"0":{"type":"branch","line":9,"loc":{"start":{"line":9,"column":23},"end":{"line":33,"column":2}},"locations":[{"start":{"line":9,"column":23},"end":{"line":33,"column":2}}]}},"b":{"0":[1]},"fnMap":{"0":{"name":"GifsApp","decl":{"start":{"line":9,"column":23},"end":{"line":33,"column":2}},"loc":{"start":{"line":9,"column":23},"end":{"line":33,"column":2}},"line":9}},"f":{"0":1}}
,"C:\\Proyects\\cursoReact\\GifsApp\\src\\main.tsx": {"path":"C:\\Proyects\\cursoReact\\GifsApp\\src\\main.tsx","all":true,"statementMap":{"0":{"start":{"line":1,"column":0},"end":{"line":1,"column":35}},"1":{"start":{"line":2,"column":0},"end":{"line":2,"column":46}},"3":{"start":{"line":4,"column":0},"end":{"line":4,"column":36}},"4":{"start":{"line":5,"column":0},"end":{"line":5,"column":67}},"6":{"start":{"line":7,"column":0},"end":{"line":7,"column":21}},"8":{"start":{"line":9,"column":0},"end":{"line":9,"column":52}},"9":{"start":{"line":10,"column":0},"end":{"line":10,"column":14}},"10":{"start":{"line":11,"column":0},"end":{"line":11,"column":15}}},"s":{"0":0,"1":0,"3":0,"4":0,"6":0,"8":0,"9":0,"10":0},"branchMap":{"0":{"type":"branch","line":1,"loc":{"start":{"line":1,"column":356},"end":{"line":14,"column":2}},"locations":[{"start":{"line":1,"column":356},"end":{"line":14,"column":2}}]}},"b":{"0":[0]},"fnMap":{"0":{"name":"(empty-report)","decl":{"start":{"line":1,"column":356},"end":{"line":14,"column":2}},"loc":{"start":{"line":1,"column":356},"end":{"line":14,"column":2}},"line":1}},"f":{"0":0}}
,"C:\\Proyects\\cursoReact\\GifsApp\\src\\components\\CustomHeader.tsx": {"path":"C:\\Proyects\\cursoReact\\GifsApp\\src\\components\\CustomHeader.tsx","all":false,"statementMap":{"5":{"start":{"line":6,"column":0},"end":{"line":6,"column":64}},"6":{"start":{"line":7,"column":0},"end":{"line":7,"column":10}},"7":{"start":{"line":8,"column":0},"end":{"line":8,"column":36}},"8":{"start":{"line":9,"column":0},"end":{"line":9,"column":22}},"9":{"start":{"line":10,"column":0},"end":{"line":10,"column":43}},"12":{"start":{"line":13,"column":0},"end":{"line":13,"column":2}}},"s":{"5":1,"6":4,"7":4,"8":4,"9":4,"12":4},"branchMap":{"0":{"type":"branch","line":6,"loc":{"start":{"line":6,"column":28},"end":{"line":13,"column":2}},"locations":[{"start":{"line":6,"column":28},"end":{"line":13,"column":2}}]}},"b":{"0":[4]},"fnMap":{"0":{"name":"CustomHeader","decl":{"start":{"line":6,"column":28},"end":{"line":13,"column":2}},"loc":{"start":{"line":6,"column":28},"end":{"line":13,"column":2}},"line":6}},"f":{"0":4}}
,"C:\\Proyects\\cursoReact\\GifsApp\\src\\components\\SearchBar.tsx": {"path":"C:\\Proyects\\cursoReact\\GifsApp\\src\\components\\SearchBar.tsx","all":false,"statementMap":{"0":{"start":{"line":1,"column":0},"end":{"line":1,"column":64}},"7":{"start":{"line":8,"column":0},"end":{"line":8,"column":74}},"8":{"start":{"line":9,"column":0},"end":{"line":9,"column":41}},"10":{"start":{"line":11,"column":0},"end":{"line":11,"column":19}},"11":{"start":{"line":12,"column":0},"end":{"line":12,"column":40}},"12":{"start":{"line":13,"column":0},"end":{"line":13,"column":21}},"13":{"start":{"line":14,"column":0},"end":{"line":14,"column":13}},"15":{"start":{"line":16,"column":0},"end":{"line":16,"column":18}},"16":{"start":{"line":17,"column":0},"end":{"line":17,"column":30}},"17":{"start":{"line":18,"column":0},"end":{"line":18,"column":6}},"18":{"start":{"line":19,"column":0},"end":{"line":19,"column":23}},"20":{"start":{"line":21,"column":0},"end":{"line":21,"column":30}},"21":{"start":{"line":22,"column":0},"end":{"line":22,"column":19}},"22":{"start":{"line":23,"column":0},"end":{"line":23,"column":19}},"23":{"start":{"line":24,"column":0},"end":{"line":24,"column":4}},"25":{"start":{"line":26,"column":0},"end":{"line":26,"column":65}},"26":{"start":{"line":27,"column":0},"end":{"line":27,"column":28}},"27":{"start":{"line":28,"column":0},"end":{"line":28,"column":21}},"28":{"start":{"line":29,"column":0},"end":{"line":29,"column":5}},"29":{"start":{"line":30,"column":0},"end":{"line":30,"column":4}},"31":{"start":{"line":32,"column":0},"end":{"line":32,"column":10}},"32":{"start":{"line":33,"column":0},"end":{"line":33,"column":38}},"33":{"start":{"line":34,"column":0},"end":{"line":34,"column":12}},"34":{"start":{"line":35,"column":0},"end":{"line":35,"column":19}},"35":{"start":{"line":36,"column":0},"end":{"line":36,"column":33}},"36":{"start":{"line":37,"column":0},"end":{"line":37,"column":21}},"37":{"start":{"line":38,"column":0},"end":{"line":38,"column":50}},"38":{"start":{"line":39,"column":0},"end":{"line":39,"column":33}},"40":{"start":{"line":41,"column":0},"end":{"line":41,"column":52}},"43":{"start":{"line":44,"column":0},"end":{"line":44,"column":2}}},"s":{"0":1,"7":1,"8":12,"10":12,"11":12,"12":2,"13":12,"15":12,"16":12,"17":12,"18":12,"20":12,"21":1,"22":1,"23":1,"25":12,"26":0,"27":0,"28":0,"29":0,"31":12,"32":12,"33":12,"34":12,"35":12,"36":12,"37":12,"38":12,"40":12,"43":12},"branchMap":{"0":{"type":"branch","line":8,"loc":{"start":{"line":8,"column":25},"end":{"line":44,"column":2}},"locations":[{"start":{"line":8,"column":25},"end":{"line":44,"column":2}}]},"1":{"type":"branch","line":11,"loc":{"start":{"line":11,"column":12},"end":{"line":19,"column":5}},"locations":[{"start":{"line":11,"column":12},"end":{"line":19,"column":5}}]},"2":{"type":"branch","line":12,"loc":{"start":{"line":12,"column":33},"end":{"line":14,"column":7}},"locations":[{"start":{"line":12,"column":33},"end":{"line":14,"column":7}}]},"3":{"type":"branch","line":16,"loc":{"start":{"line":16,"column":11},"end":{"line":18,"column":6}},"locations":[{"start":{"line":16,"column":11},"end":{"line":18,"column":6}}]},"4":{"type":"branch","line":21,"loc":{"start":{"line":21,"column":23},"end":{"line":24,"column":4}},"locations":[{"start":{"line":21,"column":23},"end":{"line":24,"column":4}}]},"5":{"type":"branch","line":38,"loc":{"start":{"line":38,"column":18},"end":{"line":38,"column":50}},"locations":[{"start":{"line":38,"column":18},"end":{"line":38,"column":50}}]}},"b":{"0":[12],"1":[12],"2":[2],"3":[12],"4":[1],"5":[6]},"fnMap":{"0":{"name":"SearchBar","decl":{"start":{"line":8,"column":25},"end":{"line":44,"column":2}},"loc":{"start":{"line":8,"column":25},"end":{"line":44,"column":2}},"line":8},"1":{"name":"handleSearch","decl":{"start":{"line":21,"column":23},"end":{"line":24,"column":4}},"loc":{"start":{"line":21,"column":23},"end":{"line":24,"column":4}},"line":21},"2":{"name":"handleKeyDown","decl":{"start":{"line":26,"column":24},"end":{"line":30,"column":4}},"loc":{"start":{"line":26,"column":24},"end":{"line":30,"column":4}},"line":26},"3":{"name":"onChange","decl":{"start":{"line":38,"column":18},"end":{"line":38,"column":50}},"loc":{"start":{"line":38,"column":18},"end":{"line":38,"column":50}},"line":38}},"f":{"0":12,"1":1,"2":0,"3":6}}
,"C:\\Proyects\\cursoReact\\GifsApp\\src\\counter\\components\\MyCounterApp.tsx": {"path":"C:\\Proyects\\cursoReact\\GifsApp\\src\\counter\\components\\MyCounterApp.tsx","all":false,"statementMap":{"0":{"start":{"line":1,"column":0},"end":{"line":1,"column":49}},"2":{"start":{"line":3,"column":0},"end":{"line":3,"column":35}},"3":{"start":{"line":4,"column":0},"end":{"line":4,"column":76}},"4":{"start":{"line":5,"column":0},"end":{"line":5,"column":10}},"5":{"start":{"line":6,"column":0},"end":{"line":6,"column":8}},"6":{"start":{"line":7,"column":0},"end":{"line":7,"column":80}},"8":{"start":{"line":9,"column":0},"end":{"line":9,"column":34}},"9":{"start":{"line":10,"column":0},"end":{"line":10,"column":72}},"10":{"start":{"line":11,"column":0},"end":{"line":11,"column":47}},"11":{"start":{"line":12,"column":0},"end":{"line":12,"column":51}},"12":{"start":{"line":13,"column":0},"end":{"line":13,"column":52}},"16":{"start":{"line":17,"column":0},"end":{"line":17,"column":2}}},"s":{"0":1,"2":1,"3":7,"4":7,"5":7,"6":7,"8":7,"9":7,"10":7,"11":7,"12":7,"16":7},"branchMap":{"0":{"type":"branch","line":3,"loc":{"start":{"line":3,"column":28},"end":{"line":17,"column":2}},"locations":[{"start":{"line":3,"column":28},"end":{"line":17,"column":2}}]}},"b":{"0":[7]},"fnMap":{"0":{"name":"MyCounterApp","decl":{"start":{"line":3,"column":28},"end":{"line":17,"column":2}},"loc":{"start":{"line":3,"column":28},"end":{"line":17,"column":2}},"line":3}},"f":{"0":7}}
,"C:\\Proyects\\cursoReact\\GifsApp\\src\\counter\\hooks\\useCounter.tsx": {"path":"C:\\Proyects\\cursoReact\\GifsApp\\src\\counter\\hooks\\useCounter.tsx","all":false,"statementMap":{"0":{"start":{"line":1,"column":0},"end":{"line":1,"column":33}},"2":{"start":{"line":3,"column":0},"end":{"line":3,"column":57}},"3":{"start":{"line":4,"column":0},"end":{"line":4,"column":55}},"5":{"start":{"line":6,"column":0},"end":{"line":6,"column":27}},"6":{"start":{"line":7,"column":0},"end":{"line":7,"column":28}},"7":{"start":{"line":8,"column":0},"end":{"line":8,"column":4}},"8":{"start":{"line":9,"column":0},"end":{"line":9,"column":31}},"9":{"start":{"line":10,"column":0},"end":{"line":10,"column":45}},"10":{"start":{"line":11,"column":0},"end":{"line":11,"column":4}},"11":{"start":{"line":12,"column":0},"end":{"line":12,"column":29}},"12":{"start":{"line":13,"column":0},"end":{"line":13,"column":29}},"13":{"start":{"line":14,"column":0},"end":{"line":14,"column":4}},"15":{"start":{"line":16,"column":0},"end":{"line":16,"column":10}},"16":{"start":{"line":17,"column":0},"end":{"line":17,"column":21}},"17":{"start":{"line":18,"column":0},"end":{"line":18,"column":12}},"18":{"start":{"line":19,"column":0},"end":{"line":19,"column":24}},"19":{"start":{"line":20,"column":0},"end":{"line":20,"column":14}},"20":{"start":{"line":21,"column":0},"end":{"line":21,"column":18}},"21":{"start":{"line":22,"column":0},"end":{"line":22,"column":16}},"22":{"start":{"line":23,"column":0},"end":{"line":23,"column":4}},"23":{"start":{"line":24,"column":0},"end":{"line":24,"column":2}}},"s":{"0":1,"2":1,"3":14,"5":14,"6":3,"7":3,"8":14,"9":2,"10":2,"11":14,"12":1,"13":1,"15":14,"16":14,"17":14,"18":14,"19":14,"20":14,"21":14,"22":14,"23":14},"branchMap":{"0":{"type":"branch","line":3,"loc":{"start":{"line":3,"column":26},"end":{"line":24,"column":2}},"locations":[{"start":{"line":3,"column":26},"end":{"line":24,"column":2}}]},"1":{"type":"branch","line":6,"loc":{"start":{"line":6,"column":20},"end":{"line":8,"column":4}},"locations":[{"start":{"line":6,"column":20},"end":{"line":8,"column":4}}]},"2":{"type":"branch","line":9,"loc":{"start":{"line":9,"column":24},"end":{"line":11,"column":4}},"locations":[{"start":{"line":9,"column":24},"end":{"line":11,"column":4}}]},"3":{"type":"branch","line":10,"loc":{"start":{"line":10,"column":15},"end":{"line":10,"column":45}},"locations":[{"start":{"line":10,"column":15},"end":{"line":10,"column":45}}]},"4":{"type":"branch","line":12,"loc":{"start":{"line":12,"column":22},"end":{"line":14,"column":4}},"locations":[{"start":{"line":12,"column":22},"end":{"line":14,"column":4}}]}},"b":{"0":[14],"1":[3],"2":[2],"3":[2],"4":[1]},"fnMap":{"0":{"name":"useCounter","decl":{"start":{"line":3,"column":26},"end":{"line":24,"column":2}},"loc":{"start":{"line":3,"column":26},"end":{"line":24,"column":2}},"line":3},"1":{"name":"handleAdd","decl":{"start":{"line":6,"column":20},"end":{"line":8,"column":4}},"loc":{"start":{"line":6,"column":20},"end":{"line":8,"column":4}},"line":6},"2":{"name":"handleSubtrac","decl":{"start":{"line":9,"column":24},"end":{"line":11,"column":4}},"loc":{"start":{"line":9,"column":24},"end":{"line":11,"column":4}},"line":9},"3":{"name":"handleReset","decl":{"start":{"line":12,"column":22},"end":{"line":14,"column":4}},"loc":{"start":{"line":12,"column":22},"end":{"line":14,"column":4}},"line":12}},"f":{"0":14,"1":3,"2":2,"3":1}}
,"C:\\Proyects\\cursoReact\\GifsApp\\src\\gifs\\actions\\get-gifs-by-query.action.ts": {"path":"C:\\Proyects\\cursoReact\\GifsApp\\src\\gifs\\actions\\get-gifs-by-query.action.ts","all":false,"statementMap":{"0":{"start":{"line":1,"column":0},"end":{"line":1,"column":44}},"5":{"start":{"line":6,"column":0},"end":{"line":6,"column":72}},"6":{"start":{"line":7,"column":0},"end":{"line":7,"column":34}},"7":{"start":{"line":8,"column":0},"end":{"line":8,"column":14}},"8":{"start":{"line":9,"column":0},"end":{"line":9,"column":3}},"9":{"start":{"line":10,"column":0},"end":{"line":10,"column":7}},"10":{"start":{"line":11,"column":0},"end":{"line":11,"column":63}},"11":{"start":{"line":12,"column":0},"end":{"line":12,"column":15}},"12":{"start":{"line":13,"column":0},"end":{"line":13,"column":17}},"13":{"start":{"line":14,"column":0},"end":{"line":14,"column":18}},"14":{"start":{"line":15,"column":0},"end":{"line":15,"column":8}},"15":{"start":{"line":16,"column":0},"end":{"line":16,"column":7}},"17":{"start":{"line":18,"column":0},"end":{"line":18,"column":45}},"18":{"start":{"line":19,"column":0},"end":{"line":19,"column":17}},"19":{"start":{"line":20,"column":0},"end":{"line":20,"column":23}},"20":{"start":{"line":21,"column":0},"end":{"line":21,"column":35}},"21":{"start":{"line":22,"column":0},"end":{"line":22,"column":47}},"22":{"start":{"line":23,"column":0},"end":{"line":23,"column":49}},"23":{"start":{"line":24,"column":0},"end":{"line":24,"column":8}},"24":{"start":{"line":25,"column":0},"end":{"line":25,"column":15}},"25":{"start":{"line":26,"column":0},"end":{"line":26,"column":21}},"26":{"start":{"line":27,"column":0},"end":{"line":27,"column":14}},"27":{"start":{"line":28,"column":0},"end":{"line":28,"column":3}},"28":{"start":{"line":29,"column":0},"end":{"line":29,"column":2}}},"s":{"0":1,"5":1,"6":6,"7":1,"8":1,"9":5,"10":5,"11":5,"12":5,"13":5,"14":5,"15":5,"17":4,"18":40,"19":40,"20":40,"21":40,"22":40,"23":40,"24":4,"25":1,"26":1,"27":1,"28":6},"branchMap":{"0":{"type":"branch","line":6,"loc":{"start":{"line":6,"column":30},"end":{"line":29,"column":2}},"locations":[{"start":{"line":6,"column":30},"end":{"line":29,"column":2}}]},"1":{"type":"branch","line":7,"loc":{"start":{"line":7,"column":33},"end":{"line":9,"column":3}},"locations":[{"start":{"line":7,"column":33},"end":{"line":9,"column":3}}]},"2":{"type":"branch","line":9,"loc":{"start":{"line":9,"column":2},"end":{"line":16,"column":7}},"locations":[{"start":{"line":9,"column":2},"end":{"line":16,"column":7}}]},"3":{"type":"branch","line":16,"loc":{"start":{"line":16,"column":4},"end":{"line":28,"column":3}},"locations":[{"start":{"line":16,"column":4},"end":{"line":28,"column":3}}]},"4":{"type":"branch","line":25,"loc":{"start":{"line":25,"column":4},"end":{"line":28,"column":3}},"locations":[{"start":{"line":25,"column":4},"end":{"line":28,"column":3}}]},"5":{"type":"branch","line":18,"loc":{"start":{"line":18,"column":34},"end":{"line":24,"column":8}},"locations":[{"start":{"line":18,"column":34},"end":{"line":24,"column":8}}]}},"b":{"0":[6],"1":[1],"2":[5],"3":[4],"4":[1],"5":[40]},"fnMap":{"0":{"name":"getGifsByQuery","decl":{"start":{"line":6,"column":30},"end":{"line":29,"column":2}},"loc":{"start":{"line":6,"column":30},"end":{"line":29,"column":2}},"line":6}},"f":{"0":6}}
,"C:\\Proyects\\cursoReact\\GifsApp\\src\\gifs\\api\\giphy.api.ts": {"path":"C:\\Proyects\\cursoReact\\GifsApp\\src\\gifs\\api\\giphy.api.ts","all":false,"statementMap":{"0":{"start":{"line":1,"column":0},"end":{"line":1,"column":26}},"2":{"start":{"line":3,"column":0},"end":{"line":3,"column":38}},"3":{"start":{"line":4,"column":0},"end":{"line":4,"column":43}},"4":{"start":{"line":5,"column":0},"end":{"line":5,"column":11}},"5":{"start":{"line":6,"column":0},"end":{"line":6,"column":15}},"6":{"start":{"line":7,"column":0},"end":{"line":7,"column":48}},"7":{"start":{"line":8,"column":0},"end":{"line":8,"column":4}},"8":{"start":{"line":9,"column":0},"end":{"line":9,"column":3}}},"s":{"0":1,"2":1,"3":1,"4":1,"5":1,"6":1,"7":1,"8":1},"branchMap":{},"b":{},"fnMap":{},"f":{}}
,"C:\\Proyects\\cursoReact\\GifsApp\\src\\gifs\\components\\GifsList.tsx": {"path":"C:\\Proyects\\cursoReact\\GifsApp\\src\\gifs\\components\\GifsList.tsx","all":false,"statementMap":{"5":{"start":{"line":6,"column":0},"end":{"line":6,"column":46}},"6":{"start":{"line":7,"column":0},"end":{"line":7,"column":10}},"7":{"start":{"line":8,"column":0},"end":{"line":8,"column":36}},"8":{"start":{"line":9,"column":0},"end":{"line":9,"column":26}},"9":{"start":{"line":10,"column":0},"end":{"line":10,"column":47}},"10":{"start":{"line":11,"column":0},"end":{"line":11,"column":47}},"11":{"start":{"line":12,"column":0},"end":{"line":12,"column":30}},"12":{"start":{"line":13,"column":0},"end":{"line":13,"column":13}},"13":{"start":{"line":14,"column":0},"end":{"line":14,"column":44}},"19":{"start":{"line":20,"column":0},"end":{"line":20,"column":2}}},"s":{"5":1,"6":1,"7":1,"8":1,"9":1,"10":1,"11":1,"12":1,"13":1,"19":1},"branchMap":{"0":{"type":"branch","line":6,"loc":{"start":{"line":6,"column":24},"end":{"line":20,"column":2}},"locations":[{"start":{"line":6,"column":24},"end":{"line":20,"column":2}}]}},"b":{"0":[1]},"fnMap":{"0":{"name":"GifsList","decl":{"start":{"line":6,"column":24},"end":{"line":20,"column":2}},"loc":{"start":{"line":6,"column":24},"end":{"line":20,"column":2}},"line":6}},"f":{"0":1}}
,"C:\\Proyects\\cursoReact\\GifsApp\\src\\gifs\\components\\PreviousSearches.tsx": {"path":"C:\\Proyects\\cursoReact\\GifsApp\\src\\gifs\\components\\PreviousSearches.tsx","all":false,"statementMap":{"6":{"start":{"line":7,"column":0},"end":{"line":7,"column":34}},"7":{"start":{"line":8,"column":0},"end":{"line":8,"column":8}},"8":{"start":{"line":9,"column":0},"end":{"line":9,"column":11}},"9":{"start":{"line":10,"column":0},"end":{"line":10,"column":17}},"10":{"start":{"line":11,"column":0},"end":{"line":11,"column":14}},"11":{"start":{"line":12,"column":0},"end":{"line":12,"column":10}},"12":{"start":{"line":13,"column":0},"end":{"line":13,"column":39}},"13":{"start":{"line":14,"column":0},"end":{"line":14,"column":22}},"14":{"start":{"line":15,"column":0},"end":{"line":15,"column":45}},"15":{"start":{"line":16,"column":0},"end":{"line":16,"column":35}},"16":{"start":{"line":17,"column":0},"end":{"line":17,"column":66}},"17":{"start":{"line":18,"column":0},"end":{"line":18,"column":20}},"23":{"start":{"line":24,"column":0},"end":{"line":24,"column":2}}},"s":{"6":1,"7":1,"8":1,"9":1,"10":1,"11":1,"12":1,"13":1,"14":1,"15":1,"16":1,"17":1,"23":1},"branchMap":{"0":{"type":"branch","line":7,"loc":{"start":{"line":7,"column":32},"end":{"line":24,"column":2}},"locations":[{"start":{"line":7,"column":32},"end":{"line":24,"column":2}}]}},"b":{"0":[1]},"fnMap":{"0":{"name":"PreviousSearches","decl":{"start":{"line":7,"column":32},"end":{"line":24,"column":2}},"loc":{"start":{"line":7,"column":32},"end":{"line":24,"column":2}},"line":7}},"f":{"0":1}}
,"C:\\Proyects\\cursoReact\\GifsApp\\src\\gifs\\hooks\\useGifs.tsx": {"path":"C:\\Proyects\\cursoReact\\GifsApp\\src\\gifs\\hooks\\useGifs.tsx","all":false,"statementMap":{"0":{"start":{"line":1,"column":0},"end":{"line":1,"column":41}},"1":{"start":{"line":2,"column":0},"end":{"line":2,"column":69}},"4":{"start":{"line":5,"column":0},"end":{"line":5,"column":46}},"6":{"start":{"line":7,"column":0},"end":{"line":7,"column":30}},"7":{"start":{"line":8,"column":0},"end":{"line":8,"column":46}},"8":{"start":{"line":9,"column":0},"end":{"line":9,"column":73}},"10":{"start":{"line":11,"column":0},"end":{"line":11,"column":54}},"12":{"start":{"line":13,"column":0},"end":{"line":13,"column":57}},"13":{"start":{"line":14,"column":0},"end":{"line":14,"column":36}},"14":{"start":{"line":15,"column":0},"end":{"line":15,"column":41}},"15":{"start":{"line":16,"column":0},"end":{"line":16,"column":13}},"16":{"start":{"line":17,"column":0},"end":{"line":17,"column":5}},"18":{"start":{"line":19,"column":0},"end":{"line":19,"column":46}},"19":{"start":{"line":20,"column":0},"end":{"line":20,"column":18}},"20":{"start":{"line":21,"column":0},"end":{"line":21,"column":37}},"21":{"start":{"line":22,"column":0},"end":{"line":22,"column":4}},"23":{"start":{"line":24,"column":0},"end":{"line":24,"column":49}},"24":{"start":{"line":25,"column":0},"end":{"line":25,"column":39}},"25":{"start":{"line":26,"column":0},"end":{"line":26,"column":35}},"27":{"start":{"line":28,"column":0},"end":{"line":28,"column":33}},"28":{"start":{"line":29,"column":0},"end":{"line":29,"column":49}},"30":{"start":{"line":31,"column":0},"end":{"line":31,"column":58}},"31":{"start":{"line":32,"column":0},"end":{"line":32,"column":36}},"32":{"start":{"line":33,"column":0},"end":{"line":33,"column":42}},"33":{"start":{"line":34,"column":0},"end":{"line":34,"column":67}},"35":{"start":{"line":36,"column":0},"end":{"line":36,"column":45}},"37":{"start":{"line":38,"column":0},"end":{"line":38,"column":18}},"39":{"start":{"line":40,"column":0},"end":{"line":40,"column":36}},"40":{"start":{"line":41,"column":0},"end":{"line":41,"column":4}},"42":{"start":{"line":43,"column":0},"end":{"line":43,"column":10}},"43":{"start":{"line":44,"column":0},"end":{"line":44,"column":11}},"44":{"start":{"line":45,"column":0},"end":{"line":45,"column":9}},"45":{"start":{"line":46,"column":0},"end":{"line":46,"column":21}},"47":{"start":{"line":48,"column":0},"end":{"line":48,"column":13}},"48":{"start":{"line":49,"column":0},"end":{"line":49,"column":17}},"49":{"start":{"line":50,"column":0},"end":{"line":50,"column":24}},"50":{"start":{"line":51,"column":0},"end":{"line":51,"column":4}},"51":{"start":{"line":52,"column":0},"end":{"line":52,"column":2}}},"s":{"0":1,"1":1,"4":1,"6":1,"7":14,"8":14,"10":14,"12":14,"13":3,"14":1,"15":1,"16":1,"18":2,"19":2,"20":2,"21":2,"23":14,"24":5,"25":5,"27":5,"28":5,"30":5,"31":5,"32":5,"33":5,"35":5,"37":5,"39":5,"40":5,"42":14,"43":14,"44":14,"45":14,"47":14,"48":14,"49":14,"50":14,"51":14},"branchMap":{"0":{"type":"branch","line":7,"loc":{"start":{"line":7,"column":23},"end":{"line":52,"column":2}},"locations":[{"start":{"line":7,"column":23},"end":{"line":52,"column":2}}]},"1":{"type":"branch","line":13,"loc":{"start":{"line":13,"column":30},"end":{"line":22,"column":4}},"locations":[{"start":{"line":13,"column":30},"end":{"line":22,"column":4}}]},"2":{"type":"branch","line":14,"loc":{"start":{"line":14,"column":35},"end":{"line":17,"column":5}},"locations":[{"start":{"line":14,"column":35},"end":{"line":17,"column":5}}]},"3":{"type":"branch","line":17,"loc":{"start":{"line":17,"column":4},"end":{"line":22,"column":4}},"locations":[{"start":{"line":17,"column":4},"end":{"line":22,"column":4}}]},"4":{"type":"branch","line":24,"loc":{"start":{"line":24,"column":23},"end":{"line":41,"column":4}},"locations":[{"start":{"line":24,"column":23},"end":{"line":41,"column":4}}]},"5":{"type":"branch","line":26,"loc":{"start":{"line":26,"column":28},"end":{"line":26,"column":35}},"locations":[{"start":{"line":26,"column":28},"end":{"line":26,"column":35}}]},"6":{"type":"branch","line":29,"loc":{"start":{"line":29,"column":42},"end":{"line":29,"column":49}},"locations":[{"start":{"line":29,"column":42},"end":{"line":29,"column":49}}]}},"b":{"0":[14],"1":[3],"2":[1],"3":[2],"4":[5],"5":[0],"6":[0]},"fnMap":{"0":{"name":"useGifs","decl":{"start":{"line":7,"column":23},"end":{"line":52,"column":2}},"loc":{"start":{"line":7,"column":23},"end":{"line":52,"column":2}},"line":7},"1":{"name":"handleSearchClicked","decl":{"start":{"line":13,"column":30},"end":{"line":22,"column":4}},"loc":{"start":{"line":13,"column":30},"end":{"line":22,"column":4}},"line":13},"2":{"name":"handleSearch","decl":{"start":{"line":24,"column":23},"end":{"line":41,"column":4}},"loc":{"start":{"line":24,"column":23},"end":{"line":41,"column":4}},"line":24}},"f":{"0":14,"1":3,"2":5}}
,"C:\\Proyects\\cursoReact\\GifsApp\\src\\gifs\\interfaces\\gif.interface.ts": {"path":"C:\\Proyects\\cursoReact\\GifsApp\\src\\gifs\\interfaces\\gif.interface.ts","all":true,"statementMap":{},"s":{},"branchMap":{"0":{"type":"branch","line":1,"loc":{"start":{"line":1,"column":112},"end":{"line":7,"column":1}},"locations":[{"start":{"line":1,"column":112},"end":{"line":7,"column":1}}]}},"b":{"0":[1]},"fnMap":{"0":{"name":"(empty-report)","decl":{"start":{"line":1,"column":112},"end":{"line":7,"column":1}},"loc":{"start":{"line":1,"column":112},"end":{"line":7,"column":1}},"line":1}},"f":{"0":1}}
,"C:\\Proyects\\cursoReact\\GifsApp\\src\\gifs\\interfaces\\giphy.response.ts": {"path":"C:\\Proyects\\cursoReact\\GifsApp\\src\\gifs\\interfaces\\giphy.response.ts","all":true,"statementMap":{},"s":{},"branchMap":{"0":{"type":"branch","line":1,"loc":{"start":{"line":1,"column":2644},"end":{"line":127,"column":1}},"locations":[{"start":{"line":1,"column":2644},"end":{"line":127,"column":1}}]}},"b":{"0":[1]},"fnMap":{"0":{"name":"(empty-report)","decl":{"start":{"line":1,"column":2644},"end":{"line":127,"column":1}},"loc":{"start":{"line":1,"column":2644},"end":{"line":127,"column":1}},"line":1}},"f":{"0":1}}
,"C:\\Proyects\\cursoReact\\GifsApp\\src\\mock-data\\gifs.mock.ts": {"path":"C:\\Proyects\\cursoReact\\GifsApp\\src\\mock-data\\gifs.mock.ts","all":true,"statementMap":{"2":{"start":{"line":3,"column":0},"end":{"line":3,"column":32}},"3":{"start":{"line":4,"column":0},"end":{"line":4,"column":3}},"4":{"start":{"line":5,"column":0},"end":{"line":5,"column":12}},"5":{"start":{"line":6,"column":0},"end":{"line":6,"column":29}},"6":{"start":{"line":7,"column":0},"end":{"line":7,"column":185}},"7":{"start":{"line":8,"column":0},"end":{"line":8,"column":15}},"8":{"start":{"line":9,"column":0},"end":{"line":9,"column":16}},"9":{"start":{"line":10,"column":0},"end":{"line":10,"column":4}},"10":{"start":{"line":11,"column":0},"end":{"line":11,"column":3}},"11":{"start":{"line":12,"column":0},"end":{"line":12,"column":12}},"12":{"start":{"line":13,"column":0},"end":{"line":13,"column":23}},"13":{"start":{"line":14,"column":0},"end":{"line":14,"column":70}},"14":{"start":{"line":15,"column":0},"end":{"line":15,"column":15}},"15":{"start":{"line":16,"column":0},"end":{"line":16,"column":16}},"16":{"start":{"line":17,"column":0},"end":{"line":17,"column":4}},"17":{"start":{"line":18,"column":0},"end":{"line":18,"column":3}},"18":{"start":{"line":19,"column":0},"end":{"line":19,"column":12}},"19":{"start":{"line":20,"column":0},"end":{"line":20,"column":25}},"20":{"start":{"line":21,"column":0},"end":{"line":21,"column":185}},"21":{"start":{"line":22,"column":0},"end":{"line":22,"column":15}},"22":{"start":{"line":23,"column":0},"end":{"line":23,"column":16}},"23":{"start":{"line":24,"column":0},"end":{"line":24,"column":4}},"24":{"start":{"line":25,"column":0},"end":{"line":25,"column":3}},"25":{"start":{"line":26,"column":0},"end":{"line":26,"column":12}},"26":{"start":{"line":27,"column":0},"end":{"line":27,"column":23}},"27":{"start":{"line":28,"column":0},"end":{"line":28,"column":70}},"28":{"start":{"line":29,"column":0},"end":{"line":29,"column":15}},"29":{"start":{"line":30,"column":0},"end":{"line":30,"column":16}},"30":{"start":{"line":31,"column":0},"end":{"line":31,"column":4}},"31":{"start":{"line":32,"column":0},"end":{"line":32,"column":3}},"32":{"start":{"line":33,"column":0},"end":{"line":33,"column":12}},"33":{"start":{"line":34,"column":0},"end":{"line":34,"column":30}},"34":{"start":{"line":35,"column":0},"end":{"line":35,"column":185}},"35":{"start":{"line":36,"column":0},"end":{"line":36,"column":15}},"36":{"start":{"line":37,"column":0},"end":{"line":37,"column":16}},"37":{"start":{"line":38,"column":0},"end":{"line":38,"column":4}},"38":{"start":{"line":39,"column":0},"end":{"line":39,"column":3}},"39":{"start":{"line":40,"column":0},"end":{"line":40,"column":12}},"40":{"start":{"line":41,"column":0},"end":{"line":41,"column":31}},"41":{"start":{"line":42,"column":0},"end":{"line":42,"column":185}},"42":{"start":{"line":43,"column":0},"end":{"line":43,"column":15}},"43":{"start":{"line":44,"column":0},"end":{"line":44,"column":16}},"44":{"start":{"line":45,"column":0},"end":{"line":45,"column":4}},"45":{"start":{"line":46,"column":0},"end":{"line":46,"column":2}}},"s":{"2":0,"3":0,"4":0,"5":0,"6":0,"7":0,"8":0,"9":0,"10":0,"11":0,"12":0,"13":0,"14":0,"15":0,"16":0,"17":0,"18":0,"19":0,"20":0,"21":0,"22":0,"23":0,"24":0,"25":0,"26":0,"27":0,"28":0,"29":0,"30":0,"31":0,"32":0,"33":0,"34":0,"35":0,"36":0,"37":0,"38":0,"39":0,"40":0,"41":0,"42":0,"43":0,"44":0,"45":0},"branchMap":{"0":{"type":"branch","line":1,"loc":{"start":{"line":1,"column":1525},"end":{"line":46,"column":2}},"locations":[{"start":{"line":1,"column":1525},"end":{"line":46,"column":2}}]}},"b":{"0":[1]},"fnMap":{"0":{"name":"(empty-report)","decl":{"start":{"line":1,"column":1525},"end":{"line":46,"column":2}},"loc":{"start":{"line":1,"column":1525},"end":{"line":46,"column":2}},"line":1}},"f":{"0":1}}
}
